Build started 02/10/2014 11:50:33.
     1>Project "G:\07 Lincoln\5 teaching\1415 CMP9133M Advanced Programming\Pool Game v1.0\Pool Game.vcxproj" on node 2 (build target(s)).
     1>InitializeBuildStatus:
         Creating "Debug\Pool Game.unsuccessfulbuild" because "AlwaysCreate" was specified.
       ClCompile:
         c:\Program Files\Microsoft Visual Studio 10.0\VC\bin\CL.exe /c /I"glut-3.7.6-bin" /ZI /nologo /W3 /WX- /Od /Oy- /D WIN32 /D _DEBUG /D _CONSOLE /D _UNICODE /D UNICODE /Gm /EHsc /RTC1 /MDd /GS /fp:precise /Zc:wchar_t /Zc:forScope /Fo"Debug\\" /Fd"Debug\vc100.pdb" /Gd /TP /analyze- /errorReport:prompt "Pool Game.cpp" simulation.cpp stdafx.cpp
         stdafx.cpp
         simulation.cpp
         Pool Game.cpp
         Generating Code...
       ManifestResourceCompile:
         C:\Program Files\Microsoft SDKs\Windows\v7.0A\bin\rc.exe /nologo /fo"Debug\Pool Game.exe.embed.manifest.res" "Debug\Pool Game_manifest.rc" 
       Link:
         c:\Program Files\Microsoft Visual Studio 10.0\VC\bin\link.exe /ERRORREPORT:PROMPT /OUT:"G:\07 Lincoln\5 teaching\1415 CMP9133M Advanced Programming\Pool Game v1.0\Debug\Pool Game.exe" /INCREMENTAL /NOLOGO /LIBPATH:"glut-3.7.6-bin" kernel32.lib user32.lib gdi32.lib winspool.lib comdlg32.lib advapi32.lib shell32.lib ole32.lib oleaut32.lib uuid.lib odbc32.lib odbccp32.lib /MANIFEST /ManifestFile:"Debug\Pool Game.exe.intermediate.manifest" /MANIFESTUAC:"level='asInvoker' uiAccess='false'" /DEBUG /PDB:"G:\07 Lincoln\5 teaching\1415 CMP9133M Advanced Programming\Pool Game v1.0\Debug\Pool Game.pdb" /SUBSYSTEM:CONSOLE /TLBID:1 /DYNAMICBASE /NXCOMPAT /IMPLIB:"G:\07 Lincoln\5 teaching\1415 CMP9133M Advanced Programming\Pool Game v1.0\Debug\Pool Game.lib" /MACHINE:X86 "Debug\Pool Game.exe.embed.manifest.res"
         "Debug\Pool Game.obj"
         Debug\simulation.obj
         Debug\stdafx.obj
       Manifest:
         C:\Program Files\Microsoft SDKs\Windows\v7.0A\bin\mt.exe /nologo /verbose /out:"Debug\Pool Game.exe.embed.manifest" /manifest "Debug\Pool Game.exe.intermediate.manifest"
         
     1>mt.exe : general error c101008a: Failed to save the updated manifest to the file "Debug\Pool Game.exe.embed.manifest". The parameter is incorrect.
         
     1>Done Building Project "G:\07 Lincoln\5 teaching\1415 CMP9133M Advanced Programming\Pool Game v1.0\Pool Game.vcxproj" (build target(s)) -- FAILED.

Build FAILED.

Time Elapsed 00:00:04.44
